#
# A fatal error has been detected by the Java Runtime Environment:
#
#  EXCEPTION_ACCESS_VIOLATION (0xc0000005) at pc=0x0000024af0844c24, pid=11880, tid=22776
#
# JRE version: OpenJDK Runtime Environment Temurin-18.0.1+10 (18.0.1+10) (build 18.0.1+10)
# Java VM: OpenJDK 64-Bit Server VM Temurin-18.0.1+10 (18.0.1+10, mixed mode, emulated-client, tiered, compressed oops, compressed class ptrs, g1 gc, windows-amd64)
# Problematic frame:
# v  ~BufferBlob::MethodHandles adapters
#
# No core dump will be written. Minidumps are not enabled by default on client versions of Windows
#
# If you would like to submit a bug report, please visit:
#   https://github.com/adoptium/adoptium-support/issues
#

---------------  S U M M A R Y ------------

Command Line: -XX:+ShowCodeDetailsInExceptionMessages -agentlib:jdwp=transport=dt_socket,suspend=y,address=localhost:50636 -Dcom.sun.management.jmxremote -Dcom.sun.management.jmxremote.port=50634 -Dcom.sun.management.jmxremote.authenticate=false -Dcom.sun.management.jmxremote.ssl=false -Djava.rmi.server.hostname=localhost -Dspring.jmx.enabled=true -Dmanagement.endpoints.jmx.exposure.include=* -Dspring.application.admin.enabled=true -XX:TieredStopAtLevel=1 -Dspring.boot.project.name=E_tourism -javaagent:C:\Users\HP\eclipse\java-2022-09\eclipse\configuration\org.eclipse.osgi\228\0\.cp\lib\javaagent-shaded.jar -Dfile.encoding=UTF-8 com.example.demo.ETourismApplication --spring.output.ansi.enabled=always

Host: Intel(R) Core(TM) i7-9700 CPU @ 3.00GHz, 8 cores, 15G,  Windows 11 , 64 bit Build 22000 (10.0.22000.2003)
Time: Mon Jun 26 17:14:51 2023 Middle East Daylight Time elapsed time: 2755.374560 seconds (0d 0h 45m 55s)

---------------  T H R E A D  ---------------

Current thread (0x0000024a86c564f0):  JavaThread "http-nio-8081-exec-2" daemon [_thread_in_Java, id=22776, stack(0x00000071bfd00000,0x00000071bfe00000)]

Stack: [0x00000071bfd00000,0x00000071bfe00000],  sp=0x00000071bfdfc038,  free space=1008k
Native frames: (J=compiled Java code, j=interpreted, Vv=VM code, C=native code)
C  0x0000024af0844c24


siginfo: EXCEPTION_ACCESS_VIOLATION (0xc0000005), reading address 0x0000033077cb5b92


Register to memory mapping:

RIP=0x0000024af0844c24 is at begin+65 in a stub
MethodHandle::interpreter_entry::_linkToVirtual [0x0000024af0844be3, 0x0000024af0844c4a] (103 bytes)
RAX=0x0000024af07fa304 is at code_begin+4516 in an Interpreter codelet
return entry points  [0x0000024af07f9160, 0x0000024af07fb0a0]  8000 bytes
RBX=0x0000000705c071f8 is an oop: com.example.demo.controller.RestaurantController 
{0x0000000705c071f8} - klass: 'com/example/demo/controller/RestaurantController'
 - ---- fields (total size 2 words):
 - private final 'restaurantService' 'Lcom/example/demo/service/RestaurantService;' @12  a 'com/example/demo/service/RestaurantService'{0x0000000705c07208} (e0b80e41)
RCX=0x00000071bfdfc040 is pointing into the stack for thread: 0x0000024a86c564f0
RDX=0x0000000000000002 is an unknown value
RSP=0x00000071bfdfc038 is pointing into the stack for thread: 0x0000024a86c564f0
RBP=0x00000071bfdfc088 is pointing into the stack for thread: 0x0000024a86c564f0
RSI=0x0000024a86e36948 points into unknown readable memory: 0x800069007f58741a | 1a 74 58 7f 00 69 00 80
RDI=0x0000024a86d4b6b0 points into unknown readable memory: 0x0000001800000060 | 60 00 00 00 18 00 00 00
R8 =0x0000000000000004 is an unknown value
R9 =0x0000000000000004 is an unknown value
R10=0x0000000880367152 is an unknown value
R11=0x00000064fef29d11 is an unknown value
R12=0x0 is NULL
R13=0x00000071bfdfc038 is pointing into the stack for thread: 0x0000024a86c564f0
R14=0x00000071bfdfc0a8 is pointing into the stack for thread: 0x0000024a86c564f0
R15=0x0000024a86c564f0 is a thread


Registers:
RAX=0x0000024af07fa304, RBX=0x0000000705c071f8, RCX=0x00000071bfdfc040, RDX=0x0000000000000002
RSP=0x00000071bfdfc038, RBP=0x00000071bfdfc088, RSI=0x0000024a86e36948, RDI=0x0000024a86d4b6b0
R8 =0x0000000000000004, R9 =0x0000000000000004, R10=0x0000000880367152, R11=0x00000064fef29d11
R12=0x0000000000000000, R13=0x00000071bfdfc038, R14=0x00000071bfdfc0a8, R15=0x0000024a86c564f0
RIP=0x0000024af0844c24, EFLAGS=0x0000000000010202

Top of Stack: (sp=0x00000071bfdfc038)
0x00000071bfdfc038:   0000024af07fa304 00000071bfdfc040
0x00000071bfdfc048:   0000024a80367152 00000071bfdfc0a8
0x00000071bfdfc058:   0000024a8036b100 0000000000000000
0x00000071bfdfc068:   0000000702a84be0 0000024a80367160
0x00000071bfdfc078:   00000071bfdfc038 00000071bfdfc0b0
0x00000071bfdfc088:   00000071bfdfc3e0 0000024af0e9c196
0x00000071bfdfc098:   00000007080b5328 0000000705c071f8
0x00000071bfdfc0a8:   00000007080b54a0 00000007080b56c0
0x00000071bfdfc0b8:   0000000000000000 00000071bfdfc3e0
0x00000071bfdfc0c8:   0000024af0c019c4 00000007080b5698
0x00000071bfdfc0d8:   0000000705c071f8 00000007080b5648
0x00000071bfdfc0e8:   00000007080b54a0 0000000705c071f8
0x00000071bfdfc0f8:   0000024af0e9c0b4 00000071bfdfc3e0
0x00000071bfdfc108:   0000024af0f80766 0000000706145bd8
0x00000071bfdfc118:   0000000800926020 0000024a86c564f0
0x00000071bfdfc128:   00007ffeeaf00647 00007ffeeb51d980 

Instructions: (pc=0x0000024af0844c24)
0x0000024af0844b24:   ff ff ff ff 10 10 00 00 00 00 00 00 80 4b 84 f0
0x0000024af0844b34:   4a 02 00 00 20 5b 84 f0 4a 02 00 00 80 4b 84 f0
0x0000024af0844b44:   4a 02 00 00 20 5b 84 f0 4a 02 00 00 78 4b 84 f0
0x0000024af0844b54:   4a 02 00 00 78 4b 84 f0 4a 02 00 00 00 00 00 00
0x0000024af0844b64:   00 00 00 00 00 00 00 00 00 00 00 00 d0 b0 4c eb
0x0000024af0844b74:   fe 7f 00 00 00 00 00 00 00 00 00 00 f4 66 66 66
0x0000024af0844b84:   0f 1f 84 00 00 00 00 00 66 66 66 90 66 66 66 0f
0x0000024af0844b94:   1f 84 00 00 00 00 00 66 66 66 90 90 48 8b 53 08
0x0000024af0844ba4:   0f b7 52 2c 48 8b 0c d4 8b 59 14 48 c1 e3 03 8b
0x0000024af0844bb4:   5b 28 48 c1 e3 03 8b 5b 24 48 c1 e3 03 48 8b 5b
0x0000024af0844bc4:   10 48 85 db 0f 84 10 00 00 00 41 80 bf 80 04 00
0x0000024af0844bd4:   00 00 74 03 ff 63 38 ff 63 50 e9 9d f6 ff ff 66
0x0000024af0844be4:   66 66 0f 1f 84 00 00 00 00 00 66 66 66 90 66 66
0x0000024af0844bf4:   0f 1f 84 00 00 00 00 00 66 66 66 90 48 8b 53 08
0x0000024af0844c04:   0f b7 52 2c 48 8b 0c d4 58 5b 50 44 8b 51 08 49
0x0000024af0844c14:   bb 00 00 00 00 08 00 00 00 4d 03 d3 4c 8b 5b 10
0x0000024af0844c24:   4b 8b 9c da b8 01 00 00 48 85 db 0f 84 10 00 00
0x0000024af0844c34:   00 41 80 bf 80 04 00 00 00 74 03 ff 63 38 ff 63
0x0000024af0844c44:   50 e9 36 f6 ff ff 66 66 66 0f 1f 84 00 00 00 00
0x0000024af0844c54:   00 66 66 66 90 0f 1f 80 00 00 00 00 58 5b 50 8b
0x0000024af0844c64:   5b 24 48 c1 e3 03 48 8b 5b 10 48 85 db 0f 84 10
0x0000024af0844c74:   00 00 00 41 80 bf 80 04 00 00 00 74 03 ff 63 38
0x0000024af0844c84:   ff 63 50 e9 f4 f5 ff ff 66 66 66 0f 1f 84 00 00
0x0000024af0844c94:   00 00 00 66 66 66 90 0f 1f 44 00 00 48 8b 53 08
0x0000024af0844ca4:   0f b7 52 2c 48 8b 0c d4 58 5b 50 48 3b 01 8b 5b
0x0000024af0844cb4:   24 48 c1 e3 03 48 8b 5b 10 48 85 db 0f 84 10 00
0x0000024af0844cc4:   00 00 41 80 bf 80 04 00 00 00 74 03 ff 63 38 ff
0x0000024af0844cd4:   63 50 e9 a5 f5 ff ff 0f 1f 44 00 00 48 8b 53 08
0x0000024af0844ce4:   0f b7 52 2c 48 8b 0c d4 58 5b 50 44 8b 51 08 49
0x0000024af0844cf4:   bb 00 00 00 00 08 00 00 00 4d 03 d3 8b 43 18 48
0x0000024af0844d04:   c1 e0 03 48 8b 40 10 48 8b 5b 10 45 8b 9a a0 00
0x0000024af0844d14:   00 00 4f 8d 9c da b8 01 00 00 4d 8d 14 da 49 8b 


Stack slot to memory mapping:
stack at sp + 0 slots: 0x0000024af07fa304 is at code_begin+4516 in an Interpreter codelet
return entry points  [0x0000024af07f9160, 0x0000024af07fb0a0]  8000 bytes
stack at sp + 1 slots: 0x00000071bfdfc040 is pointing into the stack for thread: 0x0000024a86c564f0
stack at sp + 2 slots: 0x0000024a80367152 is pointing into metadata
stack at sp + 3 slots: 0x00000071bfdfc0a8 is pointing into the stack for thread: 0x0000024a86c564f0
stack at sp + 4 slots: 0x0000024a8036b100 is pointing into metadata
stack at sp + 5 slots: 0x0 is NULL
stack at sp + 6 slots: 0x0000000702a84be0 is an oop: java.lang.Class 
{0x0000000702a84be0} - klass: 'java/lang/Class'
 - ---- fields (total size 14 words):
 - private volatile transient 'classRedefinedCount' 'I' @12  0
 - abstract internal 'klass' 'J' @16  34359903464 (284e8 8)
 - abstract internal 'array_klass' 'J' @24  0 (0 0)
 - abstract internal 'oop_size' 'I' @32  14 (e)
 - abstract internal 'static_oop_field_count' 'I' @36  0
 - private volatile transient 'cachedConstructor' 'Ljava/lang/reflect/Constructor;' @40  NULL (0)
 - private transient 'name' 'Ljava/lang/String;' @44  NULL (0)
 - private transient 'module' 'Ljava/lang/Module;' @48  a 'java/lang/Module'{0x0000000702a9dab8} (e0553b57)
 - private final 'classLoader' 'Ljava/lang/ClassLoader;' @52  NULL (0)
 - private transient 'classData' 'Ljava/lang/Object;' @56  NULL (0)
 - private transient 'packageName' 'Ljava/lang/String;' @60  NULL (0)
 - private final 'componentType' 'Ljava/lang/Class;' @64  NULL (0)
 - private volatile transient 'reflectionData' 'Ljava/lang/ref/SoftReference;' @68  NULL (0)
 - private volatile transient 'genericInfo' 'Lsun/reflect/generics/repository/ClassRepository;' @72  NULL (0)
 - private volatile transient 'enumConstants' '[Ljava/lang/Object;' @76  NULL (0)
 - private volatile transient 'enumConstantDirectory' 'Ljava/util/Map;' @80  NULL (0)
 - private volatile transient 'annotationData' 'Ljava/lang/Class$AnnotationData;' @84  NULL (0)
 - private volatile transient 'annotationType' 'Lsun/reflect/annotation/AnnotationType;' @88  NULL (0)
 - transient 'classValueMap' 'Ljava/lang/ClassValue$ClassValueMap;' @92  NULL (0)
 - abstract internal 'protection_domain' 'Ljava/lang/Object;' @96  NULL (0)
 - abstract internal 'signers_name' 'Ljava/lang/Object;' @100  NULL (0)
 - abstract internal 'source_file' 'Ljava/lang/Object;' @104  NULL (0)
 - signature: Ljava/lang/invoke/DirectMethodHandle$Holder;
 - ---- static fields (0):
stack at sp + 7 slots: {method} {0x0000024a80367168} 'invokeVirtual' '(Ljava/lang/Object;Ljava/lang/Object;)Ljava/lang/Object;' in 'java/lang/invoke/DirectMethodHandle$Holder'

MethodHandle::interpreter_entry::_linkToVirtual [0x0000024af0844be3, 0x0000024af0844c4a] (103 bytes)
[MachCode]
  0x0000024af0844be3: 6666 660f | 1f84 0000 | 0000 0066 | 6666 9066 | 660f 1f84 | 0000 0000 | 0066 6666 | 9048 8b53 
  0x0000024af0844c03: 080f b752 | 2c48 8b0c | d458 5b50 | 448b 5108 | 49bb 0000 | 0000 0800 | 0000 4d03 | d34c 8b5b 
  0x0000024af0844c23: 104b 8b9c | dab8 0100 | 0048 85db | 0f84 1000 | 0000 4180 | bf80 0400 | 0000 7403 | ff63 38ff 
  0x0000024af0844c43: 6350 e936 | 
[/MachCode]

---------------  P R O C E S S  ---------------

Threads class SMR info:
_java_thread_list=0x0000024a84913090, length=31, elements={
0x0000024affa74470, 0x0000024affa74e10, 0x0000024affa9c010, 0x0000024affa9c8c0,
0x0000024affa9d260, 0x0000024affa9dc00, 0x0000024affa9e5a0, 0x0000024affbf8400,
0x0000024aff9ebaa0, 0x0000024affe028e0, 0x0000024affe03580, 0x0000024affe0b080,
0x0000024a846e9da0, 0x0000024a84822410, 0x0000024a84874040, 0x0000024a84880520,
0x0000024a84f77fd0, 0x0000024a84f7f7d0, 0x0000024a8481e920, 0x0000024a8481f790,
0x0000024a86c52190, 0x0000024a86c4f640, 0x0000024a86c56e90, 0x0000024a86c4fb10,
0x0000024a86c551b0, 0x0000024a86c53000, 0x0000024a86c51320, 0x0000024a86c569c0,
0x0000024a86c54340, 0x0000024a86c50e50, 0x0000024a86c564f0
}

Java Threads: ( => current thread )
  0x0000024affa74470 JavaThread "Reference Handler" daemon [_thread_blocked, id=6916, stack(0x00000071c0500000,0x00000071c0600000)]
  0x0000024affa74e10 JavaThread "Finalizer" daemon [_thread_blocked, id=17840, stack(0x00000071c0600000,0x00000071c0700000)]
  0x0000024affa9c010 JavaThread "Signal Dispatcher" daemon [_thread_blocked, id=19708, stack(0x00000071c0700000,0x00000071c0800000)]
  0x0000024affa9c8c0 JavaThread "Attach Listener" daemon [_thread_blocked, id=8064, stack(0x00000071c0800000,0x00000071c0900000)]
  0x0000024affa9d260 JavaThread "Service Thread" daemon [_thread_blocked, id=7640, stack(0x00000071c0900000,0x00000071c0a00000)]
  0x0000024affa9dc00 JavaThread "Monitor Deflation Thread" daemon [_thread_blocked, id=12760, stack(0x00000071c0a00000,0x00000071c0b00000)]
  0x0000024affa9e5a0 JavaThread "C1 CompilerThread0" daemon [_thread_blocked, id=6644, stack(0x00000071c0b00000,0x00000071c0c00000)]
  0x0000024affbf8400 JavaThread "Sweeper thread" daemon [_thread_blocked, id=22108, stack(0x00000071c0c00000,0x00000071c0d00000)]
  0x0000024aff9ebaa0 JavaThread "Common-Cleaner" daemon [_thread_blocked, id=20800, stack(0x00000071c0d00000,0x00000071c0e00000)]
  0x0000024affe028e0 JavaThread "JDWP Transport Listener: dt_socket" daemon [_thread_blocked, id=22992, stack(0x00000071c1000000,0x00000071c1100000)]
  0x0000024affe03580 JavaThread "JDWP Event Helper Thread" daemon [_thread_blocked, id=16328, stack(0x00000071c1100000,0x00000071c1200000)]
  0x0000024affe0b080 JavaThread "JDWP Command Reader" daemon [_thread_blocked, id=14408, stack(0x00000071c1200000,0x00000071c1300000)]
  0x0000024a846e9da0 JavaThread "Notification Thread" daemon [_thread_blocked, id=10772, stack(0x00000071c1400000,0x00000071c1500000)]
  0x0000024a84822410 JavaThread "RMI TCP Accept-0" daemon [_thread_in_native, id=19176, stack(0x00000071c1500000,0x00000071c1600000)]
  0x0000024a84874040 JavaThread "RMI TCP Accept-50634" daemon [_thread_in_native, id=1772, stack(0x00000071c1600000,0x00000071c1700000)]
  0x0000024a84880520 JavaThread "RMI TCP Accept-0" daemon [_thread_in_native, id=580, stack(0x00000071c1700000,0x00000071c1800000)]
  0x0000024a84f77fd0 JavaThread "RMI Scheduler(0)" daemon [_thread_blocked, id=16568, stack(0x00000071c2500000,0x00000071c2600000)]
  0x0000024a84f7f7d0 JavaThread "RMI TCP Connection(idle)" daemon [_thread_blocked, id=2368, stack(0x00000071c2600000,0x00000071c2700000)]
  0x0000024a8481e920 JavaThread "JMX server connection timeout 28" daemon [_thread_blocked, id=4876, stack(0x00000071c2700000,0x00000071c2800000)]
  0x0000024a8481f790 JavaThread "mysql-cj-abandoned-connection-cleanup" daemon [_thread_blocked, id=21792, stack(0x00000071c2900000,0x00000071c2a00000)]
  0x0000024a86c52190 JavaThread "Live Reload Server" daemon [_thread_in_native, id=19816, stack(0x00000071c3100000,0x00000071c3200000)]
  0x0000024a86c4f640 JavaThread "DestroyJavaVM" [_thread_blocked, id=18232, stack(0x00000071bfe00000,0x00000071bff00000)]
  0x0000024a86c56e90 JavaThread "HikariPool-15 housekeeper" daemon [_thread_blocked, id=22448, stack(0x00000071c0f00000,0x00000071c1000000)]
  0x0000024a86c4fb10 JavaThread "Catalina-utility-1" [_thread_blocked, id=2504, stack(0x00000071c2a00000,0x00000071c2b00000)]
  0x0000024a86c551b0 JavaThread "Catalina-utility-2" [_thread_blocked, id=16288, stack(0x00000071c2b00000,0x00000071c2c00000)]
  0x0000024a86c53000 JavaThread "container-0" [_thread_blocked, id=7120, stack(0x00000071c2c00000,0x00000071c2d00000)]
  0x0000024a86c51320 JavaThread "File Watcher" daemon [_thread_blocked, id=22968, stack(0x00000071c2d00000,0x00000071c2e00000)]
  0x0000024a86c569c0 JavaThread "http-nio-8081-Poller" daemon [_thread_in_native, id=16056, stack(0x00000071c2e00000,0x00000071c2f00000)]
  0x0000024a86c54340 JavaThread "http-nio-8081-Acceptor" daemon [_thread_in_native, id=18352, stack(0x00000071c2f00000,0x00000071c3000000)]
  0x0000024a86c50e50 JavaThread "http-nio-8081-exec-1" daemon [_thread_blocked, id=1272, stack(0x00000071bfc00000,0x00000071bfd00000)]
=>0x0000024a86c564f0 JavaThread "http-nio-8081-exec-2" daemon [_thread_in_Java, id=22776, stack(0x00000071bfd00000,0x00000071bfe00000)]

Other Threads:
  0x0000024affa736d0 VMThread "VM Thread" [stack: 0x00000071c0400000,0x00000071c0500000] [id=14224] _threads_hazard_ptr=0x0000024a84913090
  0x0000024a84873670 WatcherThread "VM Periodic Task Thread" [stack: 0x00000071c1800000,0x00000071c1900000] [id=17976]
  0x0000024aeb0bc7b0 WorkerThread "GC Thread#0" [stack: 0x00000071bff00000,0x00000071c0000000] [id=9228]
  0x0000024a84894140 WorkerThread "GC Thread#1" [stack: 0x00000071c1900000,0x00000071c1a00000] [id=19192]
  0x0000024a8488d150 WorkerThread "GC Thread#2" [stack: 0x00000071c1a00000,0x00000071c1b00000] [id=21052]
  0x0000024a8488d3f0 WorkerThread "GC Thread#3" [stack: 0x00000071c1b00000,0x00000071c1c00000] [id=21232]
  0x0000024a8488d690 WorkerThread "GC Thread#4" [stack: 0x00000071c1c00000,0x00000071c1d00000] [id=20136]
  0x0000024a8488df40 WorkerThread "GC Thread#5" [stack: 0x00000071c1d00000,0x00000071c1e00000] [id=3356]
  0x0000024a849f4ec0 WorkerThread "GC Thread#6" [stack: 0x00000071c1e00000,0x00000071c1f00000] [id=9484]
  0x0000024a849f5160 WorkerThread "GC Thread#7" [stack: 0x00000071c1f00000,0x00000071c2000000] [id=12156]
  0x0000024aed1a7d20 ConcurrentGCThread "G1 Main Marker" [stack: 0x00000071c0000000,0x00000071c0100000] [id=17036]
  0x0000024aeb0be600 WorkerThread "G1 Conc#0" [stack: 0x00000071c0100000,0x00000071c0200000] [id=11548]
  0x0000024a8511dec0 WorkerThread "G1 Conc#1" [stack: 0x00000071c2800000,0x00000071c2900000] [id=15644]
  0x0000024aed1de820 ConcurrentGCThread "G1 Refine#0" [stack: 0x00000071c0200000,0x00000071c0300000] [id=696]
  0x0000024a8488e3f0 ConcurrentGCThread "G1 Refine#1" [stack: 0x00000071c2000000,0x00000071c2100000] [id=8808]
  0x0000024a849f6040 ConcurrentGCThread "G1 Refine#2" [stack: 0x00000071c2100000,0x00000071c2200000] [id=9972]
  0x0000024aff8b7b90 ConcurrentGCThread "G1 Service" [stack: 0x00000071c0300000,0x00000071c0400000] [id=2928]

Threads with active compile tasks:

VM state: synchronizing (normal execution)

VM Mutex/Monitor currently owned by a thread:  ([mutex/lock_event])
[0x0000024aed1282e0] Threads_lock - owner thread: 0x0000024affa736d0

Heap address: 0x0000000702800000, size: 4056 MB, Compressed Oops mode: Zero based, Oop shift amount: 3

CDS archive(s) not mapped
Compressed class space mapped at: 0x0000000800000000-0x0000000840000000, reserved size: 1073741824
Narrow klass base: 0x0000000800000000, Narrow klass shift: 0, Narrow klass range: 0x40000000

GC Precious Log:
 CardTable entry size: 512
 Card Set container configuration: InlinePtr #cards 4 size 8 Array Of Cards #cards 16 size 48 Howl #buckets 8 coarsen threshold 3686 Howl Bitmap #cards 512 size 80 coarsen threshold 460 Card regions per heap region 1 cards per card region 4096
 CPUs: 8 total, 8 available
 Memory: 16222M
 Large Page Support: Disabled
 NUMA Support: Disabled
 Compressed Oops: Enabled (Zero based)
 Heap Region Size: 2M
 Heap Min Capacity: 8M
 Heap Initial Capacity: 254M
 Heap Max Capacity: 4056M
 Pre-touch: Disabled
 Parallel Workers: 8
 Concurrent Workers: 2
 Concurrent Refinement Workers: 8
 Periodic GC: Disabled

Heap:
 garbage-first heap   total 102400K, used 52777K [0x0000000702800000, 0x0000000800000000)
  region size 2048K, 10 young (20480K), 2 survivors (4096K)
 Metaspace       used 85693K, committed 86464K, reserved 1179648K
  class space    used 10559K, committed 10880K, reserved 1048576K

Heap Regions: E=young(eden), S=young(survivor), O=old, HS=humongous(starts), HC=humongous(continues), CS=collection set, F=free, OA=open archive, CA=closed archive, TAMS=top-at-mark-start (previous, next)
|   0|0x0000000702800000, 0x0000000702a00000, 0x0000000702a00000|100%| O|  |TAMS 0x0000000702a00000, 0x0000000702800000| Untracked 
|   1|0x0000000702a00000, 0x0000000702bffff8, 0x0000000702c00000| 99%| O|  |TAMS 0x0000000702bffff8, 0x0000000702a00000| Untracked 
|   2|0x0000000702c00000, 0x0000000702e00000, 0x0000000702e00000|100%| O|  |TAMS 0x0000000702e00000, 0x0000000702c00000| Untracked 
|   3|0x0000000702e00000, 0x0000000702fffff0, 0x0000000703000000| 99%| O|  |TAMS 0x0000000702fffff0, 0x0000000702e00000| Untracked 
|   4|0x0000000703000000, 0x0000000703200000, 0x0000000703200000|100%| O|  |TAMS 0x0000000703200000, 0x0000000703000000| Untracked 
|   5|0x0000000703200000, 0x00000007033fffc8, 0x0000000703400000| 99%| O|  |TAMS 0x00000007033fffc8, 0x0000000703200000| Untracked 
|   6|0x0000000703400000, 0x0000000703600000, 0x0000000703600000|100%| O|  |TAMS 0x0000000703600000, 0x0000000703400000| Untracked 
|   7|0x0000000703600000, 0x00000007037df730, 0x0000000703800000| 93%| O|  |TAMS 0x0000000703600000, 0x0000000703600000| Untracked 
|   8|0x0000000703800000, 0x00000007039fffe8, 0x0000000703a00000| 99%| O|  |TAMS 0x00000007039fffe8, 0x0000000703800000| Untracked 
|   9|0x0000000703a00000, 0x0000000703bfffd0, 0x0000000703c00000| 99%| O|  |TAMS 0x0000000703bfffd0, 0x0000000703a00000| Untracked 
|  10|0x0000000703c00000, 0x0000000703dae068, 0x0000000703e00000| 83%| O|  |TAMS 0x0000000703c00000, 0x0000000703c00000| Untracked 
|  11|0x0000000703e00000, 0x0000000703ffffe0, 0x0000000704000000| 99%| O|  |TAMS 0x0000000703ffffe0, 0x0000000703e00000| Untracked 
|  12|0x0000000704000000, 0x00000007041cfc48, 0x0000000704200000| 90%| O|  |TAMS 0x0000000704000000, 0x0000000704000000| Untracked 
|  13|0x0000000704200000, 0x00000007043a2128, 0x0000000704400000| 81%| O|  |TAMS 0x0000000704200000, 0x0000000704200000| Untracked 
|  14|0x0000000704400000, 0x0000000704600000, 0x0000000704600000|100%| O|  |TAMS 0x0000000704400000, 0x0000000704400000| Untracked 
|  15|0x0000000704600000, 0x0000000704800000, 0x0000000704800000|100%| O|  |TAMS 0x0000000704600000, 0x0000000704600000| Untracked 
|  16|0x0000000704800000, 0x0000000704903d60, 0x0000000704a00000| 50%| O|  |TAMS 0x0000000704800000, 0x0000000704800000| Untracked 
|  17|0x0000000704a00000, 0x0000000704c00000, 0x0000000704c00000|100%| O|  |TAMS 0x0000000704a00000, 0x0000000704a00000| Untracked 
|  18|0x0000000704c00000, 0x0000000704c10a00, 0x0000000704e00000|  3%| O|  |TAMS 0x0000000704c00000, 0x0000000704c00000| Untracked 
|  19|0x0000000704e00000, 0x0000000704e00000, 0x0000000705000000|  0%| F|  |TAMS 0x0000000704e00000, 0x0000000704e00000| Untracked 
|  20|0x0000000705000000, 0x0000000705000000, 0x0000000705200000|  0%| F|  |TAMS 0x0000000705000000, 0x0000000705000000| Untracked 
|  21|0x0000000705200000, 0x0000000705200000, 0x0000000705400000|  0%| F|  |TAMS 0x0000000705200000, 0x0000000705200000| Untracked 
|  22|0x0000000705400000, 0x0000000705400000, 0x0000000705600000|  0%| F|  |TAMS 0x0000000705400000, 0x0000000705400000| Untracked 
|  23|0x0000000705600000, 0x0000000705600000, 0x0000000705800000|  0%| F|  |TAMS 0x0000000705600000, 0x0000000705600000| Untracked 
|  24|0x0000000705800000, 0x0000000705800000, 0x0000000705a00000|  0%| F|  |TAMS 0x0000000705800000, 0x0000000705800000| Untracked 
|  25|0x0000000705a00000, 0x0000000705a00000, 0x0000000705c00000|  0%| F|  |TAMS 0x0000000705a00000, 0x0000000705a00000| Untracked 
|  26|0x0000000705c00000, 0x0000000705d76ad8, 0x0000000705e00000| 73%| S|CS|TAMS 0x0000000705c00000, 0x0000000705c00000| Complete 
|  27|0x0000000705e00000, 0x0000000705e00000, 0x0000000706000000|  0%| F|  |TAMS 0x0000000705e00000, 0x0000000705e00000| Untracked 
|  28|0x0000000706000000, 0x0000000706200000, 0x0000000706200000|100%| S|CS|TAMS 0x0000000706000000, 0x0000000706000000| Complete 
|  29|0x0000000706200000, 0x0000000706200000, 0x0000000706400000|  0%| F|  |TAMS 0x0000000706200000, 0x0000000706200000| Untracked 
|  30|0x0000000706400000, 0x0000000706400000, 0x0000000706600000|  0%| F|  |TAMS 0x0000000706400000, 0x0000000706400000| Untracked 
|  31|0x0000000706600000, 0x0000000706600000, 0x0000000706800000|  0%| F|  |TAMS 0x0000000706600000, 0x0000000706600000| Untracked 
|  32|0x0000000706800000, 0x0000000706800000, 0x0000000706a00000|  0%| F|  |TAMS 0x0000000706800000, 0x0000000706800000| Untracked 
|  33|0x0000000706a00000, 0x0000000706a00000, 0x0000000706c00000|  0%| F|  |TAMS 0x0000000706a00000, 0x0000000706a00000| Untracked 
|  34|0x0000000706c00000, 0x0000000706c00000, 0x0000000706e00000|  0%| F|  |TAMS 0x0000000706c00000, 0x0000000706c00000| Untracked 
|  35|0x0000000706e00000, 0x0000000706e00000, 0x0000000707000000|  0%| F|  |TAMS 0x0000000706e00000, 0x0000000706e00000| Untracked 
|  36|0x0000000707000000, 0x0000000707000000, 0x0000000707200000|  0%| F|  |TAMS 0x0000000707000000, 0x0000000707000000| Untracked 
|  37|0x0000000707200000, 0x0000000707200000, 0x0000000707400000|  0%| F|  |TAMS 0x0000000707200000, 0x0000000707200000| Untracked 
|  38|0x0000000707400000, 0x0000000707400000, 0x0000000707600000|  0%| F|  |TAMS 0x0000000707400000, 0x0000000707400000| Untracked 
|  39|0x0000000707600000, 0x0000000707600000, 0x0000000707800000|  0%| F|  |TAMS 0x0000000707600000, 0x0000000707600000| Untracked 
|  40|0x0000000707800000, 0x0000000707800000, 0x0000000707a00000|  0%| F|  |TAMS 0x0000000707800000, 0x0000000707800000| Untracked 
|  41|0x0000000707a00000, 0x0000000707a00000, 0x0000000707c00000|  0%| F|  |TAMS 0x0000000707a00000, 0x0000000707a00000| Untracked 
|  42|0x0000000707c00000, 0x0000000707d2ab08, 0x0000000707e00000| 58%| E|  |TAMS 0x0000000707c00000, 0x0000000707c00000| Complete 
|  43|0x0000000707e00000, 0x0000000708000000, 0x0000000708000000|100%| E|CS|TAMS 0x0000000707e00000, 0x0000000707e00000| Complete 
|  44|0x0000000708000000, 0x0000000708200000, 0x0000000708200000|100%| E|CS|TAMS 0x0000000708000000, 0x0000000708000000| Complete 
|  45|0x0000000708200000, 0x0000000708400000, 0x0000000708400000|100%| E|CS|TAMS 0x0000000708200000, 0x0000000708200000| Complete 
|  46|0x0000000708400000, 0x0000000708600000, 0x0000000708600000|100%| E|CS|TAMS 0x0000000708400000, 0x0000000708400000| Complete 
|  47|0x0000000708600000, 0x0000000708800000, 0x0000000708800000|100%| E|CS|TAMS 0x0000000708600000, 0x0000000708600000| Complete 
|  48|0x0000000708800000, 0x0000000708a00000, 0x0000000708a00000|100%| E|CS|TAMS 0x0000000708800000, 0x0000000708800000| Complete 
|  49|0x0000000708a00000, 0x0000000708c00000, 0x0000000708c00000|100%| E|CS|TAMS 0x0000000708a00000, 0x0000000708a00000| Complete 

Card table byte_map: [0x0000024af40f0000,0x0000024af48e0000] _byte_map_base: 0x0000024af08dc000

Marking Bits (Prev, Next): (CMBitMap*) 0x0000024aeb0bcd00, (CMBitMap*) 0x0000024aeb0bccc0
 Prev Bits: [0x0000024af9030000, 0x0000024afcf90000)
 Next Bits: [0x0000024af50d0000, 0x0000024af9030000)

Polling page: 0x0000024aeb0c0000

Metaspace:

Usage:
  Non-class:     73.37 MB used.
      Class:     10.31 MB used.
       Both:     83.69 MB used.

Virtual space:
  Non-class space:      128.00 MB reserved,      73.81 MB ( 58%) committed,  2 nodes.
      Class space:        1.00 GB reserved,      10.62 MB (  1%) committed,  1 nodes.
             Both:        1.12 GB reserved,      84.44 MB (  7%) committed. 

Chunk freelists:
   Non-Class:  1.73 MB
       Class:  1.38 MB
        Both:  3.11 MB

MaxMetaspaceSize: unlimited
CompressedClassSpaceSize: 1.00 GB
Initial GC threshold: 21.00 MB
Current GC threshold: 139.00 MB
CDS: off
MetaspaceReclaimPolicy: balanced
 - commit_granule_bytes: 65536.
 - commit_granule_words: 8192.
 - virtual_space_node_default_size: 8388608.
 - enlarge_chunks_in_place: 1.
 - new_chunks_are_fully_committed: 0.
 - uncommit_free_chunks: 1.
 - use_allocation_guard: 0.


Internal statistics:

num_allocs_failed_limit: 9.
num_arena_births: 1328.
num_arena_deaths: 490.
num_vsnodes_births: 3.
num_vsnodes_deaths: 0.
num_space_committed: 1368.
num_space_uncommitted: 11.
num_chunks_returned_to_freelist: 757.
num_chunks_taken_from_freelist: 4648.
num_chunk_merges: 146.
num_chunk_splits: 2973.
num_chunks_enlarged: 2392.
num_inconsistent_stats: 0.

CodeCache: size=49152Kb used=26026Kb max_used=27027Kb free=23125Kb
 bounds [0x0000024af07f0000, 0x0000024af2260000, 0x0000024af37f0000]
 total_blobs=14272 nmethods=13615 adapters=582
 compilation: enabled
              stopped_count=0, restarted_count=0
 full_count=0

Compilation events (20 events):
Event: 2695.733 Thread 0x0000024affa9e5a0 nmethod 13743 0x0000024af2049790 code [0x0000024af2049980, 0x0000024af2049c48]
Event: 2695.733 Thread 0x0000024a86e6e100 nmethod 13742 0x0000024af2049490 code [0x0000024af2049620, 0x0000024af20496f8]
Event: 2695.734 Thread 0x0000024affa9e5a0 13747       1       org.apache.coyote.Response::isCommitted (5 bytes)
Event: 2695.734 Thread 0x0000024affa9e5a0 nmethod 13747 0x0000024af2049190 code [0x0000024af2049320, 0x0000024af20493f8]
Event: 2695.734 Thread 0x0000024affa9e5a0 13748       1       org.apache.tomcat.util.buf.MessageBytes::recycle (40 bytes)
Event: 2695.734 Thread 0x0000024a86e6e100 13749       1       org.apache.tomcat.util.buf.ByteChunk::recycle (10 bytes)
Event: 2695.734 Thread 0x0000024a86e6e100 nmethod 13749 0x0000024af2048e90 code [0x0000024af2049020, 0x0000024af2049138]
Event: 2695.734 Thread 0x0000024affa9e5a0 nmethod 13748 0x0000024af2048a90 code [0x0000024af2048c20, 0x0000024af2048d98]
Event: 2704.359 Thread 0x0000024affa9e5a0 13751       1       org.apache.tomcat.util.buf.AbstractChunk::getEnd (5 bytes)
Event: 2704.359 Thread 0x0000024affa9e5a0 nmethod 13751 0x0000024af2048310 code [0x0000024af20484a0, 0x0000024af2048578]
Event: 2704.359 Thread 0x0000024affa9e5a0 13752       1       org.apache.tomcat.util.http.parser.Cookie$ByteBuffer::hasRemaining (17 bytes)
Event: 2704.359 Thread 0x0000024affa9e5a0 nmethod 13752 0x0000024af2048010 code [0x0000024af20481a0, 0x0000024af2048278]
Event: 2704.359 Thread 0x0000024affa9e5a0 13753       1       org.apache.coyote.Request::requestURI (5 bytes)
Event: 2704.359 Thread 0x0000024affa9e5a0 nmethod 13753 0x0000024af2047d10 code [0x0000024af2047ea0, 0x0000024af2047f78]
Event: 2704.360 Thread 0x0000024affa9e5a0 13754       1       javax.servlet.http.HttpServletRequestWrapper::getMethod (10 bytes)
Event: 2704.360 Thread 0x0000024affa9e5a0 nmethod 13754 0x0000024af2047990 code [0x0000024af2047b20, 0x0000024af2047c68]
Event: 2704.360 Thread 0x0000024affa9e5a0 13755       1       org.apache.coyote.Request::method (5 bytes)
Event: 2704.360 Thread 0x0000024affa9e5a0 nmethod 13755 0x0000024af2047690 code [0x0000024af2047820, 0x0000024af20478f8]
Event: 2704.360 Thread 0x0000024affa9e5a0 13756       1       javax.servlet.ServletRequestWrapper::setAttribute (12 bytes)
Event: 2704.360 Thread 0x0000024affa9e5a0 nmethod 13756 0x0000024af2047310 code [0x0000024af20474a0, 0x0000024af20475a8]

GC Heap History (20 events):
Event: 2605.163 GC heap before
{Heap before GC invocations=84 (full 12):
 garbage-first heap   total 102400K, used 78187K [0x0000000702800000, 0x0000000800000000)
  region size 2048K, 23 young (47104K), 2 survivors (4096K)
 Metaspace       used 83446K, committed 84160K, reserved 1179648K
  class space    used 10385K, committed 10688K, reserved 1048576K
}
Event: 2605.165 GC heap after
{Heap after GC invocations=85 (full 12):
 garbage-first heap   total 102400K, used 36904K [0x0000000702800000, 0x0000000800000000)
  region size 2048K, 2 young (4096K), 2 survivors (4096K)
 Metaspace       used 83446K, committed 84160K, reserved 1179648K
  class space    used 10385K, committed 10688K, reserved 1048576K
}
Event: 2638.601 GC heap before
{Heap before GC invocations=85 (full 12):
 garbage-first heap   total 102400K, used 49192K [0x0000000702800000, 0x0000000800000000)
  region size 2048K, 9 young (18432K), 2 survivors (4096K)
 Metaspace       used 83449K, committed 84224K, reserved 1179648K
  class space    used 10385K, committed 10688K, reserved 1048576K
}
Event: 2638.632 GC heap after
{Heap after GC invocations=86 (full 13):
 garbage-first heap   total 102400K, used 27837K [0x0000000702800000, 0x0000000800000000)
  region size 2048K, 0 young (0K), 0 survivors (0K)
 Metaspace       used 83446K, committed 84224K, reserved 1179648K
  class space    used 10385K, committed 10688K, reserved 1048576K
}
Event: 2638.961 GC heap before
{Heap before GC invocations=86 (full 13):
 garbage-first heap   total 102400K, used 79037K [0x0000000702800000, 0x0000000800000000)
  region size 2048K, 25 young (51200K), 0 survivors (0K)
 Metaspace       used 83774K, committed 84544K, reserved 1179648K
  class space    used 10416K, committed 10752K, reserved 1048576K
}
Event: 2638.963 GC heap after
{Heap after GC invocations=87 (full 13):
 garbage-first heap   total 102400K, used 32250K [0x0000000702800000, 0x0000000800000000)
  region size 2048K, 3 young (6144K), 3 survivors (6144K)
 Metaspace       used 83774K, committed 84544K, reserved 1179648K
  class space    used 10416K, committed 10752K, reserved 1048576K
}
Event: 2639.199 GC heap before
{Heap before GC invocations=87 (full 13):
 garbage-first heap   total 102400K, used 77306K [0x0000000702800000, 0x0000000800000000)
  region size 2048K, 25 young (51200K), 3 survivors (6144K)
 Metaspace       used 84051K, committed 84800K, reserved 1179648K
  class space    used 10434K, committed 10752K, reserved 1048576K
}
Event: 2639.202 GC heap after
{Heap after GC invocations=88 (full 13):
 garbage-first heap   total 102400K, used 34108K [0x0000000702800000, 0x0000000800000000)
  region size 2048K, 4 young (8192K), 4 survivors (8192K)
 Metaspace       used 84051K, committed 84800K, reserved 1179648K
  class space    used 10434K, committed 10752K, reserved 1048576K
}
Event: 2639.338 GC heap before
{Heap before GC invocations=88 (full 13):
 garbage-first heap   total 102400K, used 77116K [0x0000000702800000, 0x0000000800000000)
  region size 2048K, 25 young (51200K), 4 survivors (8192K)
 Metaspace       used 84314K, committed 85056K, reserved 1179648K
  class space    used 10450K, committed 10752K, reserved 1048576K
}
Event: 2639.340 GC heap after
{Heap after GC invocations=89 (full 13):
 garbage-first heap   total 122880K, used 35405K [0x0000000702800000, 0x0000000800000000)
  region size 2048K, 2 young (4096K), 2 survivors (4096K)
 Metaspace       used 84314K, committed 85056K, reserved 1179648K
  class space    used 10450K, committed 10752K, reserved 1048576K
}
Event: 2668.840 GC heap before
{Heap before GC invocations=89 (full 13):
 garbage-first heap   total 122880K, used 92749K [0x0000000702800000, 0x0000000800000000)
  region size 2048K, 31 young (63488K), 2 survivors (4096K)
 Metaspace       used 84549K, committed 85376K, reserved 1179648K
  class space    used 10470K, committed 10816K, reserved 1048576K
}
Event: 2668.878 GC heap after
{Heap after GC invocations=90 (full 14):
 garbage-first heap   total 102400K, used 28684K [0x0000000702800000, 0x0000000800000000)
  region size 2048K, 0 young (0K), 0 survivors (0K)
 Metaspace       used 84546K, committed 85376K, reserved 1179648K
  class space    used 10469K, committed 10816K, reserved 1048576K
}
Event: 2669.217 GC heap before
{Heap before GC invocations=90 (full 14):
 garbage-first heap   total 102400K, used 79884K [0x0000000702800000, 0x0000000800000000)
  region size 2048K, 25 young (51200K), 0 survivors (0K)
 Metaspace       used 84877K, committed 85696K, reserved 1179648K
  class space    used 10501K, committed 10880K, reserved 1048576K
}
Event: 2669.219 GC heap after
{Heap after GC invocations=91 (full 14):
 garbage-first heap   total 102400K, used 33030K [0x0000000702800000, 0x0000000800000000)
  region size 2048K, 3 young (6144K), 3 survivors (6144K)
 Metaspace       used 84877K, committed 85696K, reserved 1179648K
  class space    used 10501K, committed 10880K, reserved 1048576K
}
Event: 2669.477 GC heap before
{Heap before GC invocations=91 (full 14):
 garbage-first heap   total 102400K, used 80134K [0x0000000702800000, 0x0000000800000000)
  region size 2048K, 26 young (53248K), 3 survivors (6144K)
 Metaspace       used 85158K, committed 85952K, reserved 1179648K
  class space    used 10520K, committed 10880K, reserved 1048576K
}
Event: 2669.479 GC heap after
{Heap after GC invocations=92 (full 14):
 garbage-first heap   total 102400K, used 35126K [0x0000000702800000, 0x0000000800000000)
  region size 2048K, 4 young (8192K), 4 survivors (8192K)
 Metaspace       used 85158K, committed 85952K, reserved 1179648K
  class space    used 10520K, committed 10880K, reserved 1048576K
}
Event: 2669.613 GC heap before
{Heap before GC invocations=92 (full 14):
 garbage-first heap   total 102400K, used 80182K [0x0000000702800000, 0x0000000800000000)
  region size 2048K, 26 young (53248K), 4 survivors (8192K)
 Metaspace       used 85463K, committed 86272K, reserved 1179648K
  class space    used 10540K, committed 10880K, reserved 1048576K
}
Event: 2669.616 GC heap after
{Heap after GC invocations=93 (full 14):
 garbage-first heap   total 102400K, used 36503K [0x0000000702800000, 0x0000000800000000)
  region size 2048K, 3 young (6144K), 3 survivors (6144K)
 Metaspace       used 85463K, committed 86272K, reserved 1179648K
  class space    used 10540K, committed 10880K, reserved 1048576K
}
Event: 2669.782 GC heap before
{Heap before GC invocations=93 (full 14):
 garbage-first heap   total 102400K, used 79511K [0x0000000702800000, 0x0000000800000000)
  region size 2048K, 24 young (49152K), 3 survivors (6144K)
 Metaspace       used 85636K, committed 86400K, reserved 1179648K
  class space    used 10550K, committed 10880K, reserved 1048576K
}
Event: 2669.785 GC heap after
{Heap after GC invocations=94 (full 14):
 garbage-first heap   total 102400K, used 38441K [0x0000000702800000, 0x0000000800000000)
  region size 2048K, 2 young (4096K), 2 survivors (4096K)
 Metaspace       used 85636K, committed 86400K, reserved 1179648K
  class space    used 10550K, committed 10880K, reserved 1048576K
}

Deoptimization events (20 events):
Event: 2701.292 Thread 0x0000024a84f7f7d0 DEOPT PACKING pc=0x0000024af158ad94 sp=0x00000071c26fdcf0
Event: 2701.292 Thread 0x0000024a84f7f7d0 DEOPT UNPACKING pc=0x0000024af0842b43 sp=0x00000071c26fd258 mode 1
Event: 2701.293 Thread 0x0000024a84f7f7d0 DEOPT PACKING pc=0x0000024af13fa0e4 sp=0x00000071c26fd9d0
Event: 2701.293 Thread 0x0000024a84f7f7d0 DEOPT UNPACKING pc=0x0000024af0842b43 sp=0x00000071c26fcf28 mode 1
Event: 2701.293 Thread 0x0000024a84f7f7d0 DEOPT PACKING pc=0x0000024af158ad94 sp=0x00000071c26fda30
Event: 2701.293 Thread 0x0000024a84f7f7d0 DEOPT UNPACKING pc=0x0000024af0842b43 sp=0x00000071c26fcf98 mode 1
Event: 2701.293 Thread 0x0000024a84f7f7d0 DEOPT PACKING pc=0x0000024af158ad94 sp=0x00000071c26fda30
Event: 2701.293 Thread 0x0000024a84f7f7d0 DEOPT UNPACKING pc=0x0000024af0842b43 sp=0x00000071c26fcf98 mode 1
Event: 2701.293 Thread 0x0000024a84f7f7d0 DEOPT PACKING pc=0x0000024af158ad94 sp=0x00000071c26fda30
Event: 2701.293 Thread 0x0000024a84f7f7d0 DEOPT UNPACKING pc=0x0000024af0842b43 sp=0x00000071c26fcf98 mode 1
Event: 2701.293 Thread 0x0000024a84f7f7d0 DEOPT PACKING pc=0x0000024af158ad94 sp=0x00000071c26fda30
Event: 2701.293 Thread 0x0000024a84f7f7d0 DEOPT UNPACKING pc=0x0000024af0842b43 sp=0x00000071c26fcf98 mode 1
Event: 2701.293 Thread 0x0000024a84f7f7d0 DEOPT PACKING pc=0x0000024af158ad94 sp=0x00000071c26fda30
Event: 2701.293 Thread 0x0000024a84f7f7d0 DEOPT UNPACKING pc=0x0000024af0842b43 sp=0x00000071c26fcf98 mode 1
Event: 2701.293 Thread 0x0000024a84f7f7d0 DEOPT PACKING pc=0x0000024af158ad94 sp=0x00000071c26fda30
Event: 2701.293 Thread 0x0000024a84f7f7d0 DEOPT UNPACKING pc=0x0000024af0842b43 sp=0x00000071c26fcf98 mode 1
Event: 2701.293 Thread 0x0000024a84f7f7d0 DEOPT PACKING pc=0x0000024af158ad94 sp=0x00000071c26fda30
Event: 2701.293 Thread 0x0000024a84f7f7d0 DEOPT UNPACKING pc=0x0000024af0842b43 sp=0x00000071c26fcf98 mode 1
Event: 2755.311 Thread 0x0000024a86c564f0 DEOPT PACKING pc=0x0000024af1379fa4 sp=0x00000071bfdfc050
Event: 2755.311 Thread 0x0000024a86c564f0 DEOPT UNPACKING pc=0x0000024af0842b43 sp=0x00000071bfdfb4f8 mode 0

Classes loaded (20 events):
Event: 2669.531 Loading class java/lang/ObjectCustomizer
Event: 2669.531 Loading class java/lang/ObjectCustomizer done
Event: 2669.532 Loading class java/lang/ObjectCustomizer
Event: 2669.532 Loading class java/lang/ObjectCustomizer done
Event: 2669.574 Loading class java/lang/ObjectCustomizer
Event: 2669.574 Loading class java/lang/ObjectCustomizer done
Event: 2669.574 Loading class java/lang/ObjectCustomizer
Event: 2669.574 Loading class java/lang/ObjectCustomizer done
Event: 2669.576 Loading class java/lang/ObjectCustomizer
Event: 2669.576 Loading class java/lang/ObjectCustomizer done
Event: 2669.576 Loading class java/lang/ObjectCustomizer
Event: 2669.576 Loading class java/lang/ObjectCustomizer done
Event: 2695.405 Loading class java/lang/ObjectCustomizer
Event: 2695.405 Loading class java/lang/ObjectCustomizer done
Event: 2695.406 Loading class java/lang/ObjectCustomizer
Event: 2695.406 Loading class java/lang/ObjectCustomizer done
Event: 2695.537 Loading class java/lang/ObjectCustomizer
Event: 2695.537 Loading class java/lang/ObjectCustomizer done
Event: 2695.537 Loading class java/lang/ObjectCustomizer
Event: 2695.537 Loading class java/lang/ObjectCustomizer done

Classes unloaded (20 events):
Event: 2220.986 Thread 0x0000024affa736d0 Unloading class 0x0000000800894578 'com/example/demo/controller/EventsController'
Event: 2220.986 Thread 0x0000024affa736d0 Unloading class 0x0000000800894358 'com/example/demo/config/JwtTokenUtil'
Event: 2220.986 Thread 0x0000024affa736d0 Unloading class 0x0000000800894000 'com/example/demo/config/JwtRequestFilter'
Event: 2220.986 Thread 0x0000024affa736d0 Unloading class 0x00000008008b9ca8 'com/example/demo/config/JwtAuthenticationEntryPoint'
Event: 2220.986 Thread 0x0000024affa736d0 Unloading class 0x00000008008b99f0 'com/example/demo/config/WebSecurityConfig'
Event: 2220.986 Thread 0x0000024affa736d0 Unloading class 0x00000008008b9800 'com/example/demo/ETourismApplication'
Event: 2237.869 Thread 0x0000024affa736d0 Unloading class 0x00000008008b8c00 'org/apache/catalina/loader/JdbcLeakPrevention'
Event: 2367.959 Thread 0x0000024affa736d0 Unloading class 0x0000000800700000 'org/apache/catalina/loader/JdbcLeakPrevention'
Event: 2440.282 Thread 0x0000024affa736d0 Unloading class 0x00000008004c4800 'org/apache/catalina/loader/JdbcLeakPrevention'
Event: 2444.766 Thread 0x0000024affa736d0 Unloading class 0x00000008009f7400 'jdk/internal/reflect/GeneratedSerializationConstructorAccessor24'
Event: 2444.766 Thread 0x0000024affa736d0 Unloading class 0x00000008009f7000 'jdk/internal/reflect/GeneratedSerializationConstructorAccessor23'
Event: 2444.766 Thread 0x0000024affa736d0 Unloading class 0x00000008009f6c00 'jdk/internal/reflect/GeneratedSerializationConstructorAccessor22'
Event: 2444.766 Thread 0x0000024affa736d0 Unloading class 0x00000008009f7800 'org/apache/catalina/loader/JdbcLeakPrevention'
Event: 2444.766 Thread 0x0000024affa736d0 Unloading class 0x00000008009b4000 'jdk/internal/reflect/GeneratedSerializationConstructorAccessor21'
Event: 2524.266 Thread 0x0000024affa736d0 Unloading class 0x0000000800a0c800 'org/apache/catalina/loader/JdbcLeakPrevention'
Event: 2577.152 Thread 0x0000024affa736d0 Unloading class 0x0000000800a24000 'jdk/internal/reflect/GeneratedSerializationConstructorAccessor25'
Event: 2577.152 Thread 0x0000024affa736d0 Unloading class 0x0000000800a24800 'org/apache/catalina/loader/JdbcLeakPrevention'
Event: 2604.246 Thread 0x0000024affa736d0 Unloading class 0x0000000800a3f800 'org/apache/catalina/loader/JdbcLeakPrevention'
Event: 2638.611 Thread 0x0000024affa736d0 Unloading class 0x0000000800a54800 'org/apache/catalina/loader/JdbcLeakPrevention'
Event: 2668.853 Thread 0x0000024affa736d0 Unloading class 0x0000000800a6c000 'org/apache/catalina/loader/JdbcLeakPrevention'

Classes redefined (16 events):
Event: 248.206 Thread 0x0000024affa736d0 redefined class name=com.example.demo.service.HotelService, count=1
Event: 286.777 Thread 0x0000024affa736d0 redefined class name=com.example.demo.service.HotelService, count=1
Event: 286.777 Thread 0x0000024affa736d0 redefined class name=com.example.demo.service.HotelService, count=2
Event: 2755.342 Thread 0x0000024affa736d0 redefined class name=com.example.demo.controller.RestaurantController, count=1
Event: 2755.342 Thread 0x0000024affa736d0 redefined class name=com.example.demo.controller.RestaurantController, count=1
Event: 2755.342 Thread 0x0000024affa736d0 redefined class name=com.example.demo.controller.RestaurantController, count=1
Event: 2755.342 Thread 0x0000024affa736d0 redefined class name=com.example.demo.controller.RestaurantController, count=1
Event: 2755.342 Thread 0x0000024affa736d0 redefined class name=com.example.demo.controller.RestaurantController, count=1
Event: 2755.342 Thread 0x0000024affa736d0 redefined class name=com.example.demo.controller.RestaurantController, count=1
Event: 2755.342 Thread 0x0000024affa736d0 redefined class name=com.example.demo.controller.RestaurantController, count=1
Event: 2755.342 Thread 0x0000024affa736d0 redefined class name=com.example.demo.controller.RestaurantController, count=1
Event: 2755.342 Thread 0x0000024affa736d0 redefined class name=com.example.demo.controller.RestaurantController, count=1
Event: 2755.342 Thread 0x0000024affa736d0 redefined class name=com.example.demo.controller.RestaurantController, count=1
Event: 2755.342 Thread 0x0000024affa736d0 redefined class name=com.example.demo.controller.RestaurantController, count=1
Event: 2755.342 Thread 0x0000024affa736d0 redefined class name=com.example.demo.controller.RestaurantController, count=1
Event: 2755.342 Thread 0x0000024affa736d0 redefined class name=com.example.demo.controller.RestaurantController, count=1

Internal exceptions (20 events):
Event: 2669.467 Thread 0x0000024a86c56020 Exception <a 'java/lang/ClassNotFoundException'{0x0000000705e366f8}: com/example/demo/config/WebSecurityConfig$$EnhancerBySpringCGLIB$$4524b68fCustomizer> (0x0000000705e366f8) 
thrown [s\src\hotspot\share\classfile\systemDictionary.cpp, line 255]
Event: 2669.468 Thread 0x0000024a86c56020 Exception <a 'java/lang/ClassNotFoundException'{0x0000000705e4a9d8}: org/springframework/context/annotation/ConfigurationClassEnhancer$EnhancedConfigurationCustomizer> (0x0000000705e4a9d8) 
thrown [s\src\hotspot\share\classfile\systemDictionary.cpp, line 255]
Event: 2669.468 Thread 0x0000024a86c56020 Exception <a 'java/lang/ClassNotFoundException'{0x0000000705e4e6e8}: org/springframework/beans/factory/BeanFactoryAwareCustomizer> (0x0000000705e4e6e8) 
thrown [s\src\hotspot\share\classfile\systemDictionary.cpp, line 255]
Event: 2669.468 Thread 0x0000024a86c56020 Exception <a 'java/lang/ClassNotFoundException'{0x0000000705e53930}: org/springframework/beans/factory/AwareCustomizer> (0x0000000705e53930) 
thrown [s\src\hotspot\share\classfile\systemDictionary.cpp, line 255]
Event: 2669.469 Thread 0x0000024a86c56020 Exception <a 'java/lang/ClassNotFoundException'{0x0000000705e57a80}: org/springframework/security/config/annotation/web/WebSecurityConfigurerCustomizer> (0x0000000705e57a80) 
thrown [s\src\hotspot\share\classfile\systemDictionary.cpp, line 255]
Event: 2669.469 Thread 0x0000024a86c56020 Exception <a 'java/lang/ClassNotFoundException'{0x0000000705e5bc10}: org/springframework/security/config/annotation/SecurityConfigurerCustomizer> (0x0000000705e5bc10) 
thrown [s\src\hotspot\share\classfile\systemDictionary.cpp, line 255]
Event: 2669.530 Thread 0x0000024a86c56020 Exception <a 'java/lang/ClassNotFoundException'{0x0000000707d8d830}: java/lang/ObjectCustomizer> (0x0000000707d8d830) 
thrown [s\src\hotspot\share\classfile\systemDictionary.cpp, line 255]
Event: 2669.530 Thread 0x0000024a86c56020 Exception <a 'java/lang/ClassNotFoundException'{0x0000000707d95c78}: com/example/demo/entity/hotel/HotelsCustomizer> (0x0000000707d95c78) 
thrown [s\src\hotspot\share\classfile\systemDictionary.cpp, line 255]
Event: 2669.532 Thread 0x0000024a86c56020 Exception <a 'java/lang/ClassNotFoundException'{0x0000000707de9070}: java/lang/ObjectCustomizer> (0x0000000707de9070) 
thrown [s\src\hotspot\share\classfile\systemDictionary.cpp, line 255]
Event: 2669.532 Thread 0x0000024a86c56020 Exception <a 'java/lang/ClassNotFoundException'{0x0000000707df16c0}: com/example/demo/entity/hotel/HotelImagesCustomizer> (0x0000000707df16c0) 
thrown [s\src\hotspot\share\classfile\systemDictionary.cpp, line 255]
Event: 2669.574 Thread 0x0000024a86c56020 Exception <a 'java/lang/ClassNotFoundException'{0x0000000706c536e0}: java/lang/ObjectCustomizer> (0x0000000706c536e0) 
thrown [s\src\hotspot\share\classfile\systemDictionary.cpp, line 255]
Event: 2669.575 Thread 0x0000024a86c56020 Exception <a 'java/lang/ClassNotFoundException'{0x0000000706c5be18}: com/example/demo/entity/restaurant/RestaurantCustomizer> (0x0000000706c5be18) 
thrown [s\src\hotspot\share\classfile\systemDictionary.cpp, line 255]
Event: 2669.576 Thread 0x0000024a86c56020 Exception <a 'java/lang/ClassNotFoundException'{0x0000000706cb4ef8}: java/lang/ObjectCustomizer> (0x0000000706cb4ef8) 
thrown [s\src\hotspot\share\classfile\systemDictionary.cpp, line 255]
Event: 2669.576 Thread 0x0000024a86c56020 Exception <a 'java/lang/ClassNotFoundException'{0x0000000706cbd760}: com/example/demo/entity/restaurant/RestaurantImagesCustomizer> (0x0000000706cbd760) 
thrown [s\src\hotspot\share\classfile\systemDictionary.cpp, line 255]
Event: 2695.406 Thread 0x0000024a86c50e50 Exception <a 'java/lang/ClassNotFoundException'{0x000000070823bc50}: java/lang/ObjectCustomizer> (0x000000070823bc50) 
thrown [s\src\hotspot\share\classfile\systemDictionary.cpp, line 255]
Event: 2695.407 Thread 0x0000024a86c50e50 Exception <a 'java/lang/ClassNotFoundException'{0x0000000708248578}: com/example/demo/entity/restaurant/RestaurantCustomizer> (0x0000000708248578) 
thrown [s\src\hotspot\share\classfile\systemDictionary.cpp, line 255]
Event: 2695.407 Thread 0x0000024a86c50e50 Exception <a 'java/lang/NoSuchMethodError'{0x000000070825a708}: 'long java.lang.invoke.DirectMethodHandle$Holder.invokeVirtual(java.lang.Object, java.lang.Object)'> (0x000000070825a708) 
thrown [s\src\hotspot\share\interpreter\linkResolver.cpp, line 766]
Event: 2695.537 Thread 0x0000024a86c50e50 Exception <a 'java/lang/ClassNotFoundException'{0x0000000708283418}: java/lang/ObjectCustomizer> (0x0000000708283418) 
thrown [s\src\hotspot\share\classfile\systemDictionary.cpp, line 255]
Event: 2695.538 Thread 0x0000024a86c50e50 Exception <a 'java/lang/ClassNotFoundException'{0x00000007082d4368}: com/example/demo/entity/restaurant/RestaurantImagesCustomizer> (0x00000007082d4368) 
thrown [s\src\hotspot\share\classfile\systemDictionary.cpp, line 255]
Event: 2701.293 Thread 0x0000024a84f7f7d0 Exception <a 'java/lang/NoSuchMethodError'{0x0000000708062840}: static [B.<clinit>()V> (0x0000000708062840) 
thrown [s\src\hotspot\share\prims\jni.cpp, line 1104]

VM Operations (20 events):
Event: 2706.468 Executing VM operation: get/set locals done
Event: 2706.468 Executing VM operation: get/set locals
Event: 2706.469 Executing VM operation: get/set locals done
Event: 2706.469 Executing VM operation: get/set locals
Event: 2706.469 Executing VM operation: get/set locals done
Event: 2706.469 Executing VM operation: get/set locals
Event: 2706.469 Executing VM operation: get/set locals done
Event: 2706.470 Executing VM operation: get/set locals
Event: 2706.470 Executing VM operation: get/set locals done
Event: 2706.470 Executing VM operation: get/set locals
Event: 2706.470 Executing VM operation: get/set locals done
Event: 2755.291 Executing VM operation: ChangeSingleStep
Event: 2755.292 Executing VM operation: ChangeSingleStep done
Event: 2755.312 Executing VM operation: ChangeSingleStep
Event: 2755.312 Executing VM operation: ChangeSingleStep done
Event: 2755.332 Executing VM operation: RedefineClasses
Event: 2755.362 Executing VM operation: RedefineClasses done
Event: 2755.364 Executing VM operation: ChangeSingleStep
Event: 2755.364 Executing VM operation: ChangeSingleStep done
Event: 2755.367 Executing VM operation: GetObjectMonitorUsage

Events (20 events):
Event: 2668.954 Thread 0x0000024a86c54810 Thread exited: 0x0000024a86c54810
Event: 2669.199 Thread 0x0000024a86c56e90 Thread added: 0x0000024a86c56e90
Event: 2669.308 Thread 0x0000024a86c564f0 Thread added: 0x0000024a86c564f0
Event: 2669.431 Thread 0x0000024a86e6c7b0 Thread added: 0x0000024a86e6c7b0
Event: 2669.431 Thread 0x0000024a86e6e100 Thread added: 0x0000024a86e6e100
Event: 2669.464 Thread 0x0000024a86c4fb10 Thread added: 0x0000024a86c4fb10
Event: 2669.464 Thread 0x0000024a86c551b0 Thread added: 0x0000024a86c551b0
Event: 2669.464 Thread 0x0000024a86c53000 Thread added: 0x0000024a86c53000
Event: 2669.797 Thread 0x0000024a86c51320 Thread added: 0x0000024a86c51320
Event: 2669.805 Thread 0x0000024a86c569c0 Thread added: 0x0000024a86c569c0
Event: 2669.805 Thread 0x0000024a86c54340 Thread added: 0x0000024a86c54340
Event: 2669.810 Thread 0x0000024a86c56020 Thread exited: 0x0000024a86c56020
Event: 2669.810 Thread 0x0000024a86c539a0 Thread exited: 0x0000024a86c539a0
Event: 2674.332 Thread 0x0000024a86c564f0 Thread exited: 0x0000024a86c564f0
Event: 2674.814 Thread 0x0000024a86e6c7b0 Thread exited: 0x0000024a86e6c7b0
Event: 2674.814 Thread 0x0000024a86e6e100 Thread exited: 0x0000024a86e6e100
Event: 2695.398 Thread 0x0000024a86c50e50 Thread added: 0x0000024a86c50e50
Event: 2695.403 Thread 0x0000024a86e6e100 Thread added: 0x0000024a86e6e100
Event: 2700.742 Thread 0x0000024a86e6e100 Thread exited: 0x0000024a86e6e100
Event: 2704.345 Thread 0x0000024a86c564f0 Thread added: 0x0000024a86c564f0


Dynamic libraries:
0x00007ff7f2cf0000 - 0x00007ff7f2cfe000 	E:\programs\eclipse\plugins\org.eclipse.justj.openjdk.hotspot.jre.full.win32.x86_64_18.0.1.v20220515-1614\jre\bin\javaw.exe
0x00007fff62440000 - 0x00007fff62649000 	C:\Windows\SYSTEM32\ntdll.dll
0x00007fff611d0000 - 0x00007fff6128e000 	C:\Windows\System32\KERNEL32.DLL
0x00007fff5fc80000 - 0x00007fff60004000 	C:\Windows\System32\KERNELBASE.dll
0x00007fff600d0000 - 0x00007fff601e1000 	C:\Windows\System32\ucrtbase.dll
0x00007fff5af00000 - 0x00007fff5af17000 	E:\programs\eclipse\plugins\org.eclipse.justj.openjdk.hotspot.jre.full.win32.x86_64_18.0.1.v20220515-1614\jre\bin\jli.dll
0x00007fff61370000 - 0x00007fff6151d000 	C:\Windows\System32\USER32.dll
0x00007fff601f0000 - 0x00007fff60216000 	C:\Windows\System32\win32u.dll
0x00007fff623d0000 - 0x00007fff623fa000 	C:\Windows\System32\GDI32.dll
0x00007fff5f8e0000 - 0x00007fff5f9ff000 	C:\Windows\System32\gdi32full.dll
0x00007fff5fa70000 - 0x00007fff5fb0d000 	C:\Windows\System32\msvcp_win.dll
0x00007fff5aee0000 - 0x00007fff5aef9000 	E:\programs\eclipse\plugins\org.eclipse.justj.openjdk.hotspot.jre.full.win32.x86_64_18.0.1.v20220515-1614\jre\bin\VCRUNTIME140.dll
0x00007fff3e270000 - 0x00007fff3e515000 	C:\Windows\WinSxS\amd64_microsoft.windows.common-controls_6595b64144ccf1df_6.0.22000.120_none_9d947278b86cc467\COMCTL32.dll
0x00007fff60ed0000 - 0x00007fff60f73000 	C:\Windows\System32\msvcrt.dll
0x00007fff61c40000 - 0x00007fff61c71000 	C:\Windows\System32\IMM32.DLL
0x00007fff5ce10000 - 0x00007fff5ce1c000 	E:\programs\eclipse\plugins\org.eclipse.justj.openjdk.hotspot.jre.full.win32.x86_64_18.0.1.v20220515-1614\jre\bin\vcruntime140_1.dll
0x00007fff3aab0000 - 0x00007fff3ab41000 	E:\programs\eclipse\plugins\org.eclipse.justj.openjdk.hotspot.jre.full.win32.x86_64_18.0.1.v20220515-1614\jre\bin\msvcp140.dll
0x00007ffeeab70000 - 0x00007ffeeb7f9000 	E:\programs\eclipse\plugins\org.eclipse.justj.openjdk.hotspot.jre.full.win32.x86_64_18.0.1.v20220515-1614\jre\bin\server\jvm.dll
0x00007fff612c0000 - 0x00007fff6136f000 	C:\Windows\System32\ADVAPI32.dll
0x00007fff620e0000 - 0x00007fff6217e000 	C:\Windows\System32\sechost.dll
0x00007fff61a20000 - 0x00007fff61b41000 	C:\Windows\System32\RPCRT4.dll
0x00007fff612b0000 - 0x00007fff612b8000 	C:\Windows\System32\PSAPI.DLL
0x00007fff5a400000 - 0x00007fff5a433000 	C:\Windows\SYSTEM32\WINMM.dll
0x00007fff3af60000 - 0x00007fff3af69000 	C:\Windows\SYSTEM32\WSOCK32.dll
0x00007fff602a0000 - 0x00007fff6030f000 	C:\Windows\System32\WS2_32.dll
0x00007fff59de0000 - 0x00007fff59dea000 	C:\Windows\SYSTEM32\VERSION.dll
0x00007fff5e950000 - 0x00007fff5e968000 	C:\Windows\SYSTEM32\kernel.appcore.dll
0x00007fff5cb50000 - 0x00007fff5cb5a000 	E:\programs\eclipse\plugins\org.eclipse.justj.openjdk.hotspot.jre.full.win32.x86_64_18.0.1.v20220515-1614\jre\bin\jimage.dll
0x00007fff42af0000 - 0x00007fff42d11000 	C:\Windows\SYSTEM32\DBGHELP.DLL
0x00007fff42a80000 - 0x00007fff42ab1000 	C:\Windows\SYSTEM32\dbgcore.DLL
0x00007fff60220000 - 0x00007fff6029f000 	C:\Windows\System32\bcryptPrimitives.dll
0x00007fff476d0000 - 0x00007fff4770b000 	E:\programs\eclipse\plugins\org.eclipse.justj.openjdk.hotspot.jre.full.win32.x86_64_18.0.1.v20220515-1614\jre\bin\jdwp.dll
0x00007fff5a790000 - 0x00007fff5a79e000 	E:\programs\eclipse\plugins\org.eclipse.justj.openjdk.hotspot.jre.full.win32.x86_64_18.0.1.v20220515-1614\jre\bin\instrument.dll
0x00007fff4de60000 - 0x00007fff4de85000 	E:\programs\eclipse\plugins\org.eclipse.justj.openjdk.hotspot.jre.full.win32.x86_64_18.0.1.v20220515-1614\jre\bin\java.dll
0x00007fff4da20000 - 0x00007fff4da38000 	E:\programs\eclipse\plugins\org.eclipse.justj.openjdk.hotspot.jre.full.win32.x86_64_18.0.1.v20220515-1614\jre\bin\zip.dll
0x00007fff60690000 - 0x00007fff60e55000 	C:\Windows\System32\SHELL32.dll
0x00007fff5db00000 - 0x00007fff5e364000 	C:\Windows\SYSTEM32\windows.storage.dll
0x00007fff61d60000 - 0x00007fff620d6000 	C:\Windows\System32\combase.dll
0x00007fff5d990000 - 0x00007fff5daf7000 	C:\Windows\SYSTEM32\wintypes.dll
0x00007fff60470000 - 0x00007fff6055a000 	C:\Windows\System32\SHCORE.dll
0x00007fff60310000 - 0x00007fff6036d000 	C:\Windows\System32\shlwapi.dll
0x00007fff5f810000 - 0x00007fff5f831000 	C:\Windows\SYSTEM32\profapi.dll
0x00007fff4da10000 - 0x00007fff4da1c000 	E:\programs\eclipse\plugins\org.eclipse.justj.openjdk.hotspot.jre.full.win32.x86_64_18.0.1.v20220515-1614\jre\bin\dt_socket.dll
0x00007fff5d960000 - 0x00007fff5d98d000 	C:\Windows\SYSTEM32\IPHLPAPI.DLL
0x00007fff5ee00000 - 0x00007fff5ee67000 	C:\Windows\system32\mswsock.dll
0x00007fff5e490000 - 0x00007fff5e577000 	C:\Windows\SYSTEM32\DNSAPI.dll
0x00007fff60460000 - 0x00007fff60469000 	C:\Windows\System32\NSI.dll
0x00007fff56f80000 - 0x00007fff56f8a000 	C:\Windows\System32\rasadhlp.dll
0x00007fff54900000 - 0x00007fff54982000 	C:\Windows\System32\fwpuclnt.dll
0x00007fff4d0a0000 - 0x00007fff4d0b3000 	E:\programs\eclipse\plugins\org.eclipse.justj.openjdk.hotspot.jre.full.win32.x86_64_18.0.1.v20220515-1614\jre\bin\net.dll
0x00007fff57310000 - 0x00007fff57423000 	C:\Windows\SYSTEM32\WINHTTP.dll
0x00007fff46850000 - 0x00007fff46866000 	E:\programs\eclipse\plugins\org.eclipse.justj.openjdk.hotspot.jre.full.win32.x86_64_18.0.1.v20220515-1614\jre\bin\nio.dll
0x00007fff4d090000 - 0x00007fff4d099000 	E:\programs\eclipse\plugins\org.eclipse.justj.openjdk.hotspot.jre.full.win32.x86_64_18.0.1.v20220515-1614\jre\bin\management.dll
0x00007fff46f10000 - 0x00007fff46f1b000 	E:\programs\eclipse\plugins\org.eclipse.justj.openjdk.hotspot.jre.full.win32.x86_64_18.0.1.v20220515-1614\jre\bin\management_ext.dll
0x00007fff37040000 - 0x00007fff37057000 	C:\Windows\system32\napinsp.dll
0x00007fff37020000 - 0x00007fff3703b000 	C:\Windows\system32\pnrpnsp.dll
0x00007fff37000000 - 0x00007fff37012000 	C:\Windows\System32\winrnr.dll
0x00007fff34f50000 - 0x00007fff34f65000 	C:\Windows\system32\wshbth.dll
0x00007fff34f30000 - 0x00007fff34f4f000 	C:\Windows\system32\nlansp_c.dll
0x00007fff5f050000 - 0x00007fff5f068000 	C:\Windows\SYSTEM32\CRYPTSP.dll
0x00007fff5e8b0000 - 0x00007fff5e8e5000 	C:\Windows\system32\rsaenh.dll
0x00007fff5ef00000 - 0x00007fff5ef29000 	C:\Windows\SYSTEM32\USERENV.dll
0x00007fff5f1d0000 - 0x00007fff5f1f7000 	C:\Windows\SYSTEM32\bcrypt.dll
0x00007fff5f070000 - 0x00007fff5f07c000 	C:\Windows\SYSTEM32\CRYPTBASE.dll
0x00007fff56f60000 - 0x00007fff56f79000 	C:\Windows\SYSTEM32\dhcpcsvc6.DLL
0x00007fff582f0000 - 0x00007fff5830e000 	C:\Windows\SYSTEM32\dhcpcsvc.DLL
0x00007fff46840000 - 0x00007fff46850000 	E:\programs\eclipse\plugins\org.eclipse.justj.openjdk.hotspot.jre.full.win32.x86_64_18.0.1.v20220515-1614\jre\bin\verify.dll

dbghelp: loaded successfully - version: 4.0.5 - missing functions: none
symbol engine: initialized successfully - sym options: 0x614 - pdb path: .;E:\programs\eclipse\plugins\org.eclipse.justj.openjdk.hotspot.jre.full.win32.x86_64_18.0.1.v20220515-1614\jre\bin;C:\Windows\SYSTEM32;C:\Windows\WinSxS\amd64_microsoft.windows.common-controls_6595b64144ccf1df_6.0.22000.120_none_9d947278b86cc467;E:\programs\eclipse\plugins\org.eclipse.justj.openjdk.hotspot.jre.full.win32.x86_64_18.0.1.v20220515-1614\jre\bin\server

VM Arguments:
jvm_args: -XX:+ShowCodeDetailsInExceptionMessages -agentlib:jdwp=transport=dt_socket,suspend=y,address=localhost:50636 -Dcom.sun.management.jmxremote -Dcom.sun.management.jmxremote.port=50634 -Dcom.sun.management.jmxremote.authenticate=false -Dcom.sun.management.jmxremote.ssl=false -Djava.rmi.server.hostname=localhost -Dspring.jmx.enabled=true -Dmanagement.endpoints.jmx.exposure.include=* -Dspring.application.admin.enabled=true -XX:TieredStopAtLevel=1 -Dspring.boot.project.name=E_tourism -javaagent:C:\Users\HP\eclipse\java-2022-09\eclipse\configuration\org.eclipse.osgi\228\0\.cp\lib\javaagent-shaded.jar -Dfile.encoding=UTF-8 
java_command: com.example.demo.ETourismApplication --spring.output.ansi.enabled=always
java_class_path (initial): C:\Users\HP\eclipse-workspace3\E_tourism\target\classes;C:\Users\HP\.m2\repository\org\springframework\boot\spring-boot-starter-security\2.5.5\spring-boot-starter-security-2.5.5.jar;C:\Users\HP\.m2\repository\org\springframework\boot\spring-boot-starter\2.5.5\spring-boot-starter-2.5.5.jar;C:\Users\HP\.m2\repository\org\springframework\boot\spring-boot-starter-logging\2.5.5\spring-boot-starter-logging-2.5.5.jar;C:\Users\HP\.m2\repository\ch\qos\logback\logback-classic\1.2.6\logback-classic-1.2.6.jar;C:\Users\HP\.m2\repository\ch\qos\logback\logback-core\1.2.6\logback-core-1.2.6.jar;C:\Users\HP\.m2\repository\org\apache\logging\log4j\log4j-to-slf4j\2.14.1\log4j-to-slf4j-2.14.1.jar;C:\Users\HP\.m2\repository\org\apache\logging\log4j\log4j-api\2.14.1\log4j-api-2.14.1.jar;C:\Users\HP\.m2\repository\org\slf4j\jul-to-slf4j\1.7.32\jul-to-slf4j-1.7.32.jar;C:\Users\HP\.m2\repository\jakarta\annotation\jakarta.annotation-api\1.3.5\jakarta.annotation-api-1.3.5.jar;C:\Users\HP\.m2\repository\org\yaml\snakeyaml\1.28\snakeyaml-1.28.jar;C:\Users\HP\.m2\repository\org\springframework\spring-aop\5.3.10\spring-aop-5.3.10.jar;C:\Users\HP\.m2\repository\org\springframework\spring-beans\5.3.10\spring-beans-5.3.10.jar;C:\Users\HP\.m2\repository\org\springframework\security\spring-security-config\5.5.2\spring-security-config-5.5.2.jar;C:\Users\HP\.m2\repository\org\springframework\security\spring-security-core\5.5.2\spring-security-core-5.5.2.jar;C:\Users\HP\.m2\repository\org\springframework\security\spring-security-crypto\5.5.2\spring-security-crypto-5.5.2.jar;C:\Users\HP\.m2\repository\org\springframework\spring-context\5.3.10\spring-context-5.3.10.jar;C:\Users\HP\.m2\repository\org\springframework\security\spring-security-web\5.5.2\spring-security-web-5.5.2.jar;C:\Users\HP\.m2\repository\org\springframework\spring-expression\5.3.10\spring-expression-5.3.10.jar;C:\Users\HP\.m2\repository\io\jsonwebtoken\jjwt\0.9.1\jjwt-0.9.1.jar;C:\Users\HP\.m2\repository\com\fasterxml\jackson\core\jackson-databind\2.12.5\jackson-databind-2.12.5.jar;C:\Users\HP\.m2\repository\com\fasterxml\jackson\core\jackson-annotations\2.12.5\jackson-annotations-2.12.5.jar;C:\Users\HP\.m2\repository\com\fasterxml\jackson\core\jackson-core\2.12.5\jackson-core-2.12.5.jar;C:\Users\HP\.m2\repository\org\springframework\boot\spring-boot-starter-data-jpa\2.5.5\spring-boot-starter-data-jpa-2.5.5.jar;C:\Users\HP\.m2\repository\org\springframework\boot\spring-boot-starter-aop\2.5.5\spring-boot-starter-aop-2.5.5.jar;C:\Users\HP\.m2\repository\org\aspectj\aspectjweaver\1.9.7\aspectjweaver-1.9.7.jar;C:\Users\HP\.m2\repository\org\springframework\boot\spring-boot-starter-jdbc\2.5.5\spring-boot-starter-jdbc-2.5.5.jar;C:\Users\HP\.m2\repository\com\zaxxer\HikariCP\4.0.3\HikariCP-4.0.3.jar;C:\Users\HP\.m2\repository\org\springframework\spring-jdbc\5.3.10\spring-jdbc-5.3.10.jar;C:\Users\HP\.m2\repository\jakarta\transaction\jakarta.transaction-api\1.3.3\jakarta.transaction-api-1.3.3.jar;C:\Users\HP\.m2\repository\jakarta\persistence\jakarta.persistence-api\2.2.3\jakarta.persistence-api-2.2.3.jar;C:\Users\HP\.m2\repository\org\hibernate\hibernate-core\5.4.32.Final\hibernate-core-5.4.32.Final.jar;C:\Users\HP\.m2\repository\org\jboss\logging\jboss-logging\3.4.2.Final\jboss-logging-3.4.2.Final.jar;C:\Users\HP\.m2\repository\org\javassist\javassist\3.27.0-GA\javassist-3.27.0-GA.jar;C:\Users\HP\.m2\repository\net\bytebuddy\byte-buddy\1.10.22\byte-buddy-1.10.22.jar;C:\Users\HP\.m2\repository\antlr\antlr\2.7.7\antlr-2.7.7.jar;C:\Users\HP\.m2\repository\org\jboss\jandex\2.2.3.Final\jandex-2.2.3.Final.jar;C:\Users\HP\.m2\repository\com\fasterxml\classmate\1.5.1\classmate-1.5.1.jar;C:\Users\HP\.m2\repository\org\dom4j\dom4j\2.1.3\dom4j-2.1.3.jar;C:\Users\HP\.m2\repository\org\hibernate\common\hibernate-commons-annotations\5.1.2.Final\hibernate-commons-annotations-5.1.2.Final.jar;C:\Users\HP\.m2\repository\org\glassfish\jaxb\jaxb-runtime\2.3.5\jaxb-runtime-2.3.5.jar;C:\Users\HP\.m2\repository\org\glassfish\jaxb\txw2\2.3.5\txw2-2.3.5.jar;C:\Users\HP\.m2\repository\com\sun\istack\istack-commons-runtime\3.0.12\istack-commons-runtime-3.0.12.jar;C:\Users\HP\.m2\repository\com\sun\activation\jakarta.activation\1.2.2\jakarta.activation-1.2.2.jar;C:\Users\HP\.m2\repository\org\springframework\data\spring-data-jpa\2.5.5\spring-data-jpa-2.5.5.jar;C:\Users\HP\.m2\repository\org\springframework\data\spring-data-commons\2.5.5\spring-data-commons-2.5.5.jar;C:\Users\HP\.m2\repository\org\springframework\spring-orm\5.3.10\spring-orm-5.3.10.jar;C:\Users\HP\.m2\repository\org\springframework\spring-tx\5.3.10\spring-tx-5.3.10.jar;C:\Users\HP\.m2\repository\org\slf4j\slf4j-api\1.7.32\slf4j-api-1.7.32.jar;C:\Users\HP\.m2\repository\org\springframework\spring-aspects\5.3.10\spring-aspects-5.3.10.jar;C:\Users\HP\.m2\repository\org\springframework\boot\spring-boot-starter-web\2.5.2\spring-boot-starter-web-2.5.2.jar;C:\Users\HP\.m2\repository\org\springframework\boot\spring-boot-starter-json\2.5.5\spring-boot-starter-json-2.5.5.jar;C:\Users\HP\.m2\repository\com\fasterxml\jackson\datatype\jackson-datatype-jdk8\2.12.5\jackson-datatype-jdk8-2.12.5.jar;C:\Users\HP\.m2\repository\com\fasterxml\jackson\datatype\jackson-datatype-jsr310\2.12.5\jackson-datatype-jsr310-2.12.5.jar;C:\Users\HP\.m2\repository\com\fasterxml\jackson\module\jackson-module-parameter-names\2.12.5\jackson-module-parameter-names-2.12.5.jar;C:\Users\HP\.m2\repository\org\springframework\boot\spring-boot-starter-tomcat\2.5.5\spring-boot-starter-tomcat-2.5.5.jar;C:\Users\HP\.m2\repository\org\apache\tomcat\embed\tomcat-embed-core\9.0.53\tomcat-embed-core-9.0.53.jar;C:\Users\HP\.m2\repository\org\apache\tomcat\embed\tomcat-embed-websocket\9.0.53\tomcat-embed-websocket-9.0.53.jar;C:\Users\HP\.m2\repository\org\springframework\spring-web\5.3.10\spring-web-5.3.10.jar;C:\Users\HP\.m2\repository\org\springframework\spring-webmvc\5.3.10\spring-webmvc-5.3.10.jar;C:\Users\HP\.m2\repository\org\mapstruct\mapstruct\1.5.3.Final\mapstruct-1.5.3.Final.jar;C:\Users\HP\.m2\repository\org\springframework\boot\spring-boot-devtools\2.5.5\spring-boot-devtools-2.5.5.jar;C:\Users\HP\.m2\repository\org\springframework\boot\spring-boot\2.5.5\spring-boot-2.5.5.jar;C:\Users\HP\.m2\repository\org\springframework\boot\spring-boot-autoconfigure\2.5.5\spring-boot-autoconfigure-2.5.5.jar;C:\Users\HP\.m2\repository\com\mysql\mysql-connector-j\8.0.32\mysql-connector-j-8.0.32.jar;C:\Users\HP\.m2\repository\org\springframework\boot\spring-boot-starter-validation\2.5.5\spring-boot-starter-validation-2.5.5.jar;C:\Users\HP\.m2\repository\org\apache\tomcat\embed\tomcat-embed-el\9.0.53\tomcat-embed-el-9.0.53.jar;C:\Users\HP\.m2\repository\org\hibernate\validator\hibernate-validator\6.2.0.Final\hibernate-validator-6.2.0.Final.jar;C:\Users\HP\.m2\repository\jakarta\validation\jakarta.validation-api\2.0.2\jakarta.validation-api-2.0.2.jar;C:\Users\HP\.m2\repository\jakarta\xml\bind\jakarta.xml.bind-api\2.3.3\jakarta.xml.bind-api-2.3.3.jar;C:\Users\HP\.m2\repository\jakarta\activation\jakarta.activation-api\1.2.2\jakarta.activation-api-1.2.2.jar;C:\Users\HP\.m2\repository\org\springframework\spring-core\5.3.10\spring-core-5.3.10.jar;C:\Users\HP\.m2\repository\org\springframework\spring-jcl\5.3.10\spring-jcl-5.3.10.jar
Launcher Type: SUN_STANDARD

[Global flags]
     intx CICompilerCount                          = 4                                         {product} {ergonomic}
     uint ConcGCThreads                            = 2                                         {product} {ergonomic}
     uint G1ConcRefinementThreads                  = 8                                         {product} {ergonomic}
   size_t G1HeapRegionSize                         = 2097152                                   {product} {ergonomic}
    uintx GCDrainStackTargetSize                   = 64                                        {product} {ergonomic}
   size_t InitialHeapSize                          = 266338304                                 {product} {ergonomic}
     bool ManagementServer                         = true                                      {product} {command line}
   size_t MarkStackSize                            = 4194304                                   {product} {ergonomic}
   size_t MaxHeapSize                              = 4253024256                                {product} {ergonomic}
   size_t MaxNewSize                               = 2550136832                                {product} {ergonomic}
   size_t MinHeapDeltaBytes                        = 2097152                                   {product} {ergonomic}
   size_t MinHeapSize                              = 8388608                                   {product} {ergonomic}
    uintx NonProfiledCodeHeapSize                  = 0                                      {pd product} {ergonomic}
     bool ProfileInterpreter                       = false                                  {pd product} {command line}
    uintx ProfiledCodeHeapSize                     = 0                                      {pd product} {ergonomic}
     bool ShowCodeDetailsInExceptionMessages       = true                                   {manageable} {command line}
   size_t SoftMaxHeapSize                          = 4253024256                             {manageable} {ergonomic}
     intx TieredStopAtLevel                        = 1                                         {product} {command line}
     bool UseCompressedClassPointers               = true                           {product lp64_product} {ergonomic}
     bool UseCompressedOops                        = true                           {product lp64_product} {ergonomic}
     bool UseG1GC                                  = true                                      {product} {ergonomic}
     bool UseLargePagesIndividualAllocation        = false                                  {pd product} {ergonomic}

Logging:
Log output configuration:
 #0: stdout all=warning uptime,level,tags foldmultilines=false
 #1: stderr all=off uptime,level,tags foldmultilines=false

Environment Variables:
JAVA_HOME=C:\Program Files\Java\jdk-14.0.2
PATH=E:\programs\eclipse\plugins\org.eclipse.justj.openjdk.hotspot.jre.full.win32.x86_64_18.0.1.v20220515-1614\jre\bin;C:\Program Files (x86)\VMware\VMware Workstation\bin\;C:\Program Files\Common Files\Oracle\Java\javapath;C:\Program Files (x86)\Common Files\Oracle\Java\javapath;C:\Windows\system32;C:\Windows;C:\Windows\System32\Wbem;C:\Windows\System32\WindowsPowerShell\v1.0\;C:\Windows\System32\OpenSSH\;C:\MinGW\bin;C:\MinGW\msys\1.0\bin;C:\Program Files\PuTTY\;C:\flutter\bin;C:\Program Files\Java\jdk-14.0.2\bin;C:\Program Files\Go\bin;C:\Program Files (x86)\nodejs\;C:\Program Files (x86)\VMware\VMware Workstation\bin\;C:\Program Files\Common Files\Oracle\Java\javapath;C:\Program Files (x86)\Common Files\Oracle\Java\javapath;C:\Windows\system32;C:\Windows;C:\Windows\System32\Wbem;C:\Windows\System32\WindowsPowerShell\v1.0\;C:\Windows\System32\OpenSSH\;C:\MinGW\bin;C:\MinGW\msys\1.0\bin;C:\Program Files\PuTTY\;C:\flutter\bin;C:\Program Files\Java\jdk-14.0.2\bin;C:\Program Files\Go\bin;C:\Program Files (x86)\nodejs\;C:\Users\HP\AppData\Local\Microsoft\WindowsApps;;C:\Program Files\JetBrains\IntelliJ IDEA 2020.1\bin;;C:\Program Files (x86)\Sophos\Sophos SSL VPN Client\bin;C:\Users\HP\AppData\Local\Programs\Microsoft VS Code\bin;C:\Users\HP\go\bin;C:\Users\HP\AppData\Roaming\npm;C:\Program Files\nodejs\npm
USERNAME=HP
OS=Windows_NT
PROCESSOR_IDENTIFIER=Intel64 Family 6 Model 158 Stepping 13, GenuineIntel



---------------  S Y S T E M  ---------------

OS:
 Windows 11 , 64 bit Build 22000 (10.0.22000.2003)
OS uptime: 1 days 4:14 hours

CPU: total 8 (initial active 8) (8 cores per cpu, 1 threads per core) family 6 model 158 stepping 13 microcode 0xec, cx8, cmov, fxsr, mmx, 3dnowpref, sse, sse2, sse3, ssse3, sse4.1, sse4.2, popcnt, lzcnt, tsc, tscinvbit, avx, avx2, aes, erms, clmul, bmi1, bmi2, adx, fma, vzeroupper, clflush, clflushopt

Memory: 4k page, system-wide physical 16222M (5344M free)
TotalPageFile size 20948M (AvailPageFile size 4911M)
current process WorkingSet (physical memory assigned to process): 288M, peak: 307M
current process commit charge ("private bytes"): 320M, peak: 365M

vm_info: OpenJDK 64-Bit Server VM (18.0.1+10) for windows-amd64 JRE (18.0.1+10), built on Apr 20 2022 05:04:48 by "" with MS VC++ 16.7 (VS2019)

END.
